<?xml version="1.0" encoding="UTF-8"?>
<!-- Generated by org.testng.reporters.JUnitReportReporter -->
<testsuite hostname="ind040100947" failures="0" tests="1" name="features.Calender" time="4.164" errors="1" timestamp="2023-08-16T14:57:45 IST" skipped="0">
  <testcase classname="features.Calender" name="test" time="4.164">
    <error message="Could not start a new session. Response code 500. Message: An unknown server-side error occurred while processing the command. Original error: Cannot start the &#039;com.google.android.calendar&#039; application. Visit https://github.com/appium/appium/blob/master/docs/en/writing-running-appium/android/activity-startup.md for troubleshooting. Original error: Error executing adbExec. Original error: &#039;Command &#039;/home/niveus/Android/Sdk/platform-tools/adb -P 5037 -s emulator-5554 shell am start -W -n com.google.android.calendar/com.google.android.calendar.timely.WhatsNewFullScreenImpl -S -a android.intent.action.MAIN -c android.intent.category.LAUNCHER -f 0x10200000&#039; exited with code 255&#039;; Command output: Security exception: Permission Denial: starting Intent { act=android.intent.action.MAIN cat=[android.intent.category.LAUNCHER] flg=0x10200000 cmp=com.google.android.calendar/.timely.WhatsNewFullScreenImpl } from null (pid=5853, uid=2000) not exported from uid 10071

java.lang.SecurityException: Permission Denial: starting Intent { act=android.intent.action.MAIN cat=[android.intent.category.LAUNCHER] flg=0x10200000 cmp=com.google.android.calendar/.timely.WhatsNewFullScreenImpl } from null (pid=5853, uid=2000) not exported from uid 10071
	at com.android.server.am.ActivityStackSupervisor.checkStartAnyActivityPermission(ActivityStackSupervisor.java:1788)
	at com.android.server.am.ActivityStarter.startActivity(ActivityStarter.java:717)
	at com.android.server.am.ActivityStarter.startActivity(ActivityStarter.java:544)
	at com.android.server.am.ActivityStarter.startActivityMayWait(ActivityStarter.java:1099)
	at com.android.server.am.ActivityStarter.execute(ActivityStarter.java:486)
	at com.android.server.am.ActivityManagerService.startActivityAndWait(ActivityManagerService.java:5234)
	at com.android.server.am.ActivityManagerShellCommand.runStartActivity(ActivityManagerShellCommand.java:474)
	at com.android.server.am.ActivityManagerShellCommand.onCommand(ActivityManagerShellCommand.java:161)
	at android.os.ShellCommand.exec(ShellCommand.java:103)
	at com.android.server.am.ActivityManagerService.onShellCommand(ActivityManagerService.java:16012)
	at android.os.Binder.shellCommand(Binder.java:634)
	at android.os.Binder.onTransact(Binder.java:532)
	at android.app.IActivityManager$Stub.onTransact(IActivityManager.java:3592)
	at com.android.server.am.ActivityManagerService.onTransact(ActivityManagerService.java:3291)
	at android.os.Binder.execTransact(Binder.java:731)
 
Host info: host: &#039;ind040100947&#039;, ip: &#039;192.168.117.94&#039;
Build info: version: &#039;4.9.1&#039;, revision: &#039;eb2032df7f&#039;
System info: os.name: &#039;Linux&#039;, os.arch: &#039;amd64&#039;, os.version: &#039;5.19.0-50-generic&#039;, java.version: &#039;18.0.2-ea&#039;
Driver info: io.appium.java_client.android.AndroidDriver
Command: [null, newSession {capabilities=[{appium:appActivity=com.google.android.calendar.timely.WhatsNewFullScreenImpl, appium:appPackage=com.google.android.calendar, appium:automationName=Appium, appium:deviceName=Android Emulator, appium:platformName=Android, appium:platformVersion=9.0, platformName=ANDROID}], desiredCapabilities=Capabilities {appium:appActivity: com.google.android.calendar..., appium:appPackage: com.google.android.calendar, appium:automationName: Appium, appium:deviceName: Android Emulator, appium:platformName: Android, appium:platformVersion: 9.0, platformName: ANDROID}}]
Capabilities {appium:appActivity: com.google.android.calendar..., appium:appPackage: com.google.android.calendar, appium:automationName: Appium, appium:deviceName: Android Emulator, appium:platformName: Android, appium:platformVersion: 9.0, platformName: ANDROID}" type="org.openqa.selenium.SessionNotCreatedException">
      <![CDATA[org.openqa.selenium.SessionNotCreatedException: Could not start a new session. Response code 500. Message: An unknown server-side error occurred while processing the command. Original error: Cannot start the 'com.google.android.calendar' application. Visit https://github.com/appium/appium/blob/master/docs/en/writing-running-appium/android/activity-startup.md for troubleshooting. Original error: Error executing adbExec. Original error: 'Command '/home/niveus/Android/Sdk/platform-tools/adb -P 5037 -s emulator-5554 shell am start -W -n com.google.android.calendar/com.google.android.calendar.timely.WhatsNewFullScreenImpl -S -a android.intent.action.MAIN -c android.intent.category.LAUNCHER -f 0x10200000' exited with code 255'; Command output: Security exception: Permission Denial: starting Intent { act=android.intent.action.MAIN cat=[android.intent.category.LAUNCHER] flg=0x10200000 cmp=com.google.android.calendar/.timely.WhatsNewFullScreenImpl } from null (pid=5853, uid=2000) not exported from uid 10071

java.lang.SecurityException: Permission Denial: starting Intent { act=android.intent.action.MAIN cat=[android.intent.category.LAUNCHER] flg=0x10200000 cmp=com.google.android.calendar/.timely.WhatsNewFullScreenImpl } from null (pid=5853, uid=2000) not exported from uid 10071
at com.android.server.am.ActivityStackSupervisor.checkStartAnyActivityPermission(ActivityStackSupervisor.java:1788)
at com.android.server.am.ActivityStarter.startActivity(ActivityStarter.java:717)
at com.android.server.am.ActivityStarter.startActivity(ActivityStarter.java:544)
at com.android.server.am.ActivityStarter.startActivityMayWait(ActivityStarter.java:1099)
at com.android.server.am.ActivityStarter.execute(ActivityStarter.java:486)
at com.android.server.am.ActivityManagerService.startActivityAndWait(ActivityManagerService.java:5234)
at com.android.server.am.ActivityManagerShellCommand.runStartActivity(ActivityManagerShellCommand.java:474)
at com.android.server.am.ActivityManagerShellCommand.onCommand(ActivityManagerShellCommand.java:161)
at android.os.ShellCommand.exec(ShellCommand.java:103)
at com.android.server.am.ActivityManagerService.onShellCommand(ActivityManagerService.java:16012)
at android.os.Binder.shellCommand(Binder.java:634)
at android.os.Binder.onTransact(Binder.java:532)
at android.app.IActivityManager$Stub.onTransact(IActivityManager.java:3592)
at com.android.server.am.ActivityManagerService.onTransact(ActivityManagerService.java:3291)
at android.os.Binder.execTransact(Binder.java:731)
 
Host info: host: 'ind040100947', ip: '192.168.117.94'
Build info: version: '4.9.1', revision: 'eb2032df7f'
System info: os.name: 'Linux', os.arch: 'amd64', os.version: '5.19.0-50-generic', java.version: '18.0.2-ea'
Driver info: io.appium.java_client.android.AndroidDriver
Command: [null, newSession {capabilities=[{appium:appActivity=com.google.android.calendar.timely.WhatsNewFullScreenImpl, appium:appPackage=com.google.android.calendar, appium:automationName=Appium, appium:deviceName=Android Emulator, appium:platformName=Android, appium:platformVersion=9.0, platformName=ANDROID}], desiredCapabilities=Capabilities {appium:appActivity: com.google.android.calendar..., appium:appPackage: com.google.android.calendar, appium:automationName: Appium, appium:deviceName: Android Emulator, appium:platformName: Android, appium:platformVersion: 9.0, platformName: ANDROID}}]
Capabilities {appium:appActivity: com.google.android.calendar..., appium:appPackage: com.google.android.calendar, appium:automationName: Appium, appium:deviceName: Android Emulator, appium:platformName: Android, appium:platformVersion: 9.0, platformName: ANDROID}
at org.openqa.selenium.remote.ProtocolHandshake.createSession(ProtocolHandshake.java:136)
at java.base/jdk.internal.reflect.DirectMethodHandleAccessor.invoke(DirectMethodHandleAccessor.java:104)
at java.base/java.lang.reflect.Method.invoke(Method.java:577)
at io.appium.java_client.remote.AppiumProtocolHandshake.createSession(AppiumProtocolHandshake.java:133)
at io.appium.java_client.remote.AppiumProtocolHandshake.createSession(AppiumProtocolHandshake.java:102)
at io.appium.java_client.remote.AppiumCommandExecutor.createSession(AppiumCommandExecutor.java:182)
at io.appium.java_client.remote.AppiumCommandExecutor.execute(AppiumCommandExecutor.java:250)
at org.openqa.selenium.remote.RemoteWebDriver.execute(RemoteWebDriver.java:543)
at io.appium.java_client.AppiumDriver.startSession(AppiumDriver.java:274)
at org.openqa.selenium.remote.RemoteWebDriver.<init>(RemoteWebDriver.java:157)
at io.appium.java_client.AppiumDriver.<init>(AppiumDriver.java:89)
at io.appium.java_client.AppiumDriver.<init>(AppiumDriver.java:101)
at io.appium.java_client.android.AndroidDriver.<init>(AndroidDriver.java:113)
at features.Calender.test(Calender.java:35)
at java.base/jdk.internal.reflect.DirectMethodHandleAccessor.invoke(DirectMethodHandleAccessor.java:104)
at java.base/java.lang.reflect.Method.invoke(Method.java:577)
at org.testng.internal.invokers.MethodInvocationHelper.invokeMethod(MethodInvocationHelper.java:139)
at org.testng.internal.invokers.TestInvoker.invokeMethod(TestInvoker.java:664)
at org.testng.internal.invokers.TestInvoker.invokeTestMethod(TestInvoker.java:227)
at org.testng.internal.invokers.MethodRunner.runInSequence(MethodRunner.java:50)
at org.testng.internal.invokers.TestInvoker$MethodInvocationAgent.invoke(TestInvoker.java:957)
at org.testng.internal.invokers.TestInvoker.invokeTestMethods(TestInvoker.java:200)
at org.testng.internal.invokers.TestMethodWorker.invokeTestMethods(TestMethodWorker.java:148)
at org.testng.internal.invokers.TestMethodWorker.run(TestMethodWorker.java:128)
at java.base/java.util.ArrayList.forEach(ArrayList.java:1511)
at org.testng.TestRunner.privateRun(TestRunner.java:848)
at org.testng.TestRunner.run(TestRunner.java:621)
at org.testng.SuiteRunner.runTest(SuiteRunner.java:443)
at org.testng.SuiteRunner.runSequentially(SuiteRunner.java:437)
at org.testng.SuiteRunner.privateRun(SuiteRunner.java:397)
at org.testng.SuiteRunner.run(SuiteRunner.java:336)
at org.testng.SuiteRunnerWorker.runSuite(SuiteRunnerWorker.java:52)
at org.testng.SuiteRunnerWorker.run(SuiteRunnerWorker.java:95)
at org.testng.TestNG.runSuitesSequentially(TestNG.java:1280)
at org.testng.TestNG.runSuitesLocally(TestNG.java:1200)
at org.testng.TestNG.runSuites(TestNG.java:1114)
at org.testng.TestNG.run(TestNG.java:1082)
at org.testng.remote.AbstractRemoteTestNG.run(AbstractRemoteTestNG.java:115)
at org.testng.remote.RemoteTestNG.initAndRun(RemoteTestNG.java:251)
at org.testng.remote.RemoteTestNG.main(RemoteTestNG.java:77)
]]>
    </error>
  </testcase> <!-- test -->
</testsuite> <!-- features.Calender -->
