<?xml version="1.0" encoding="UTF-8"?>
<!-- Generated by org.testng.reporters.JUnitReportReporter -->
<testsuite hostname="ind040100947" failures="0" tests="1" name="features.Camera" time="61.535" errors="0" timestamp="2023-08-16T11:40:56 IST" skipped="0">
  <testcase classname="features.Camera" name="test" time="61.535"/>
</testsuite> <!-- features.Camera -->
