<?xml version="1.0" encoding="UTF-8"?>
<!-- Generated by org.testng.reporters.JUnitReportReporter -->
<testsuite hostname="ind040100947" failures="0" tests="1" name="features.message" time="6.710" errors="0" timestamp="2023-08-16T16:33:04 IST" skipped="0">
  <testcase classname="features.message" name="test" time="6.710"/>
</testsuite> <!-- features.message -->
