<?xml version="1.0" encoding="UTF-8"?>
<!-- Generated by org.testng.reporters.JUnitReportReporter -->
<testsuite hostname="ind040100947" failures="0" tests="1" name="features.call" time="7.948" errors="0" timestamp="2023-08-16T12:11:41 IST" skipped="0">
  <testcase classname="features.call" name="call" time="7.948"/>
</testsuite> <!-- features.call -->
