<?xml version="1.0" encoding="UTF-8"?>
<!-- Generated by org.testng.reporters.JUnitReportReporter -->
<testsuite hostname="ind040100947" failures="0" tests="1" name="features.clock" time="24.093" errors="0" timestamp="2023-08-16T16:28:19 IST" skipped="0">
  <testcase classname="features.clock" name="test" time="24.093"/>
</testsuite> <!-- features.clock -->
